[INFO] [2018-12-24 14:46:31][org.springframework.web.context.ContextLoader]Root WebApplicationContext: initialization started
[INFO] [2018-12-24 14:46:31][org.springframework.web.context.support.XmlWebApplicationContext]Refreshing Root WebApplicationContext: startup date [Mon Dec 24 14:46:31 CST 2018]; root of context hierarchy
[INFO] [2018-12-24 14:46:31][org.springframework.beans.factory.xml.XmlBeanDefinitionReader]Loading XML bean definitions from file [E:\Myeclipse\MyEclipse Professional 2014\Workspaces\maven-1224\target\classes\ApplicationContext-dao.xml]
[INFO] [2018-12-24 14:46:31][org.springframework.beans.factory.xml.XmlBeanDefinitionReader]Loading XML bean definitions from file [E:\Myeclipse\MyEclipse Professional 2014\Workspaces\maven-1224\target\classes\ApplicationContext-service.xml]
[INFO] [2018-12-24 14:46:31][org.springframework.beans.factory.xml.XmlBeanDefinitionReader]Loading XML bean definitions from file [E:\Myeclipse\MyEclipse Professional 2014\Workspaces\maven-1224\target\classes\ApplicationContext-trans.xml]
[WARN] [2018-12-24 14:46:31][org.mybatis.spring.mapper.ClassPathMapperScanner]No MyBatis mapper was found in '[cashier.dao]' package. Please check your configuration.
[INFO] [2018-12-24 14:46:31][org.springframework.context.support.PropertySourcesPlaceholderConfigurer]Loading properties file from class path resource [db.properties]
[INFO] [2018-12-24 14:46:31][org.springframework.beans.factory.annotation.AutowiredAnnotationBeanPostProcessor]JSR-330 'javax.inject.Inject' annotation found and supported for autowiring
[INFO] [2018-12-24 14:46:32][org.springframework.web.context.ContextLoader]Root WebApplicationContext: initialization completed in 702 ms
[INFO] [2018-12-24 14:46:32][org.springframework.web.servlet.DispatcherServlet]FrameworkServlet 'springMvc': initialization started
[INFO] [2018-12-24 14:46:32][org.springframework.web.context.support.XmlWebApplicationContext]Refreshing WebApplicationContext for namespace 'springMvc-servlet': startup date [Mon Dec 24 14:46:32 CST 2018]; parent: Root WebApplicationContext
[INFO] [2018-12-24 14:46:32][org.springframework.beans.factory.xml.XmlBeanDefinitionReader]Loading XML bean definitions from class path resource [SpringMvc.xml]
[INFO] [2018-12-24 14:46:32][org.springframework.beans.factory.annotation.AutowiredAnnotationBeanPostProcessor]JSR-330 'javax.inject.Inject' annotation found and supported for autowiring
[INFO] [2018-12-24 14:46:32][org.springframework.web.servlet.DispatcherServlet]FrameworkServlet 'springMvc': initialization completed in 371 ms
[INFO] [2018-12-24 14:54:30][org.springframework.web.context.ContextLoader]Root WebApplicationContext: initialization started
[INFO] [2018-12-24 14:54:30][org.springframework.web.context.support.XmlWebApplicationContext]Refreshing Root WebApplicationContext: startup date [Mon Dec 24 14:54:30 CST 2018]; root of context hierarchy
[INFO] [2018-12-24 14:54:30][org.springframework.beans.factory.xml.XmlBeanDefinitionReader]Loading XML bean definitions from file [E:\Myeclipse\MyEclipse Professional 2014\Workspaces\maven-1224\target\classes\ApplicationContext-dao.xml]
[INFO] [2018-12-24 14:54:30][org.springframework.beans.factory.xml.XmlBeanDefinitionReader]Loading XML bean definitions from file [E:\Myeclipse\MyEclipse Professional 2014\Workspaces\maven-1224\target\classes\ApplicationContext-service.xml]
[INFO] [2018-12-24 14:54:30][org.springframework.beans.factory.xml.XmlBeanDefinitionReader]Loading XML bean definitions from file [E:\Myeclipse\MyEclipse Professional 2014\Workspaces\maven-1224\target\classes\ApplicationContext-trans.xml]
[INFO] [2018-12-24 14:54:30][org.springframework.context.support.PropertySourcesPlaceholderConfigurer]Loading properties file from class path resource [db.properties]
[INFO] [2018-12-24 14:54:30][org.springframework.beans.factory.annotation.AutowiredAnnotationBeanPostProcessor]JSR-330 'javax.inject.Inject' annotation found and supported for autowiring
[INFO] [2018-12-24 14:54:31][org.springframework.web.context.ContextLoader]Root WebApplicationContext: initialization completed in 957 ms
[INFO] [2018-12-24 14:54:31][org.springframework.web.servlet.DispatcherServlet]FrameworkServlet 'springMvc': initialization started
[INFO] [2018-12-24 14:54:31][org.springframework.web.context.support.XmlWebApplicationContext]Refreshing WebApplicationContext for namespace 'springMvc-servlet': startup date [Mon Dec 24 14:54:31 CST 2018]; parent: Root WebApplicationContext
[INFO] [2018-12-24 14:54:31][org.springframework.beans.factory.xml.XmlBeanDefinitionReader]Loading XML bean definitions from class path resource [SpringMvc.xml]
[INFO] [2018-12-24 14:54:31][org.springframework.beans.factory.annotation.AutowiredAnnotationBeanPostProcessor]JSR-330 'javax.inject.Inject' annotation found and supported for autowiring
[INFO] [2018-12-24 14:54:31][org.springframework.web.servlet.mvc.method.annotation.RequestMappingHandlerMapping]Mapped "{[/list],methods=[],params=[],headers=[],consumes=[],produces=[],custom=[]}" onto public cashier.pojo.TbUser cashier.controller.demo.itemsList(javax.servlet.http.HttpServletRequest,java.lang.Long) throws java.lang.Exception
[INFO] [2018-12-24 14:54:31][org.springframework.web.servlet.DispatcherServlet]FrameworkServlet 'springMvc': initialization completed in 429 ms
[INFO] [2018-12-24 14:55:31][com.alibaba.druid.pool.DruidDataSource]{dataSource-1} inited
[INFO] [2018-12-24 15:00:57][org.springframework.web.context.ContextLoader]Root WebApplicationContext: initialization started
[INFO] [2018-12-24 15:00:57][org.springframework.web.context.support.XmlWebApplicationContext]Refreshing Root WebApplicationContext: startup date [Mon Dec 24 15:00:57 CST 2018]; root of context hierarchy
[INFO] [2018-12-24 15:00:58][org.springframework.beans.factory.xml.XmlBeanDefinitionReader]Loading XML bean definitions from file [E:\Myeclipse\MyEclipse Professional 2014\Workspaces\maven-1224\target\classes\ApplicationContext-dao.xml]
[INFO] [2018-12-24 15:00:58][org.springframework.beans.factory.xml.XmlBeanDefinitionReader]Loading XML bean definitions from file [E:\Myeclipse\MyEclipse Professional 2014\Workspaces\maven-1224\target\classes\ApplicationContext-service.xml]
[INFO] [2018-12-24 15:00:58][org.springframework.beans.factory.xml.XmlBeanDefinitionReader]Loading XML bean definitions from file [E:\Myeclipse\MyEclipse Professional 2014\Workspaces\maven-1224\target\classes\ApplicationContext-trans.xml]
[INFO] [2018-12-24 15:00:58][org.springframework.context.support.PropertySourcesPlaceholderConfigurer]Loading properties file from class path resource [db.properties]
[INFO] [2018-12-24 15:00:58][org.springframework.beans.factory.annotation.AutowiredAnnotationBeanPostProcessor]JSR-330 'javax.inject.Inject' annotation found and supported for autowiring
[INFO] [2018-12-24 15:00:59][org.springframework.web.context.ContextLoader]Root WebApplicationContext: initialization completed in 1196 ms
[INFO] [2018-12-24 15:00:59][org.springframework.web.servlet.DispatcherServlet]FrameworkServlet 'springMvc': initialization started
[INFO] [2018-12-24 15:00:59][org.springframework.web.context.support.XmlWebApplicationContext]Refreshing WebApplicationContext for namespace 'springMvc-servlet': startup date [Mon Dec 24 15:00:59 CST 2018]; parent: Root WebApplicationContext
[INFO] [2018-12-24 15:00:59][org.springframework.beans.factory.xml.XmlBeanDefinitionReader]Loading XML bean definitions from class path resource [SpringMvc.xml]
[INFO] [2018-12-24 15:00:59][org.springframework.beans.factory.annotation.AutowiredAnnotationBeanPostProcessor]JSR-330 'javax.inject.Inject' annotation found and supported for autowiring
[INFO] [2018-12-24 15:00:59][org.springframework.web.servlet.mvc.method.annotation.RequestMappingHandlerMapping]Mapped "{[/list],methods=[],params=[],headers=[],consumes=[],produces=[],custom=[]}" onto public cashier.pojo.TbUser cashier.controller.demo.itemsList(javax.servlet.http.HttpServletRequest,java.lang.Long) throws java.lang.Exception
[INFO] [2018-12-24 15:00:59][org.springframework.web.servlet.DispatcherServlet]FrameworkServlet 'springMvc': initialization completed in 491 ms
[INFO] [2018-12-24 15:01:42][com.alibaba.druid.pool.DruidDataSource]{dataSource-1} inited
[INFO] [2018-12-24 15:02:45][org.springframework.web.context.ContextLoader]Root WebApplicationContext: initialization started
[INFO] [2018-12-24 15:02:45][org.springframework.web.context.support.XmlWebApplicationContext]Refreshing Root WebApplicationContext: startup date [Mon Dec 24 15:02:45 CST 2018]; root of context hierarchy
[INFO] [2018-12-24 15:02:45][org.springframework.beans.factory.xml.XmlBeanDefinitionReader]Loading XML bean definitions from file [E:\Myeclipse\MyEclipse Professional 2014\Workspaces\maven-1224\target\classes\ApplicationContext-dao.xml]
[INFO] [2018-12-24 15:02:45][org.springframework.beans.factory.xml.XmlBeanDefinitionReader]Loading XML bean definitions from file [E:\Myeclipse\MyEclipse Professional 2014\Workspaces\maven-1224\target\classes\ApplicationContext-service.xml]
[INFO] [2018-12-24 15:02:45][org.springframework.beans.factory.xml.XmlBeanDefinitionReader]Loading XML bean definitions from file [E:\Myeclipse\MyEclipse Professional 2014\Workspaces\maven-1224\target\classes\ApplicationContext-trans.xml]
[INFO] [2018-12-24 15:02:45][org.springframework.context.support.PropertySourcesPlaceholderConfigurer]Loading properties file from class path resource [db.properties]
[INFO] [2018-12-24 15:02:45][org.springframework.beans.factory.annotation.AutowiredAnnotationBeanPostProcessor]JSR-330 'javax.inject.Inject' annotation found and supported for autowiring
[INFO] [2018-12-24 15:02:45][org.springframework.web.context.ContextLoader]Root WebApplicationContext: initialization completed in 813 ms
[INFO] [2018-12-24 15:02:45][org.springframework.web.servlet.DispatcherServlet]FrameworkServlet 'springMvc': initialization started
[INFO] [2018-12-24 15:02:45][org.springframework.web.context.support.XmlWebApplicationContext]Refreshing WebApplicationContext for namespace 'springMvc-servlet': startup date [Mon Dec 24 15:02:45 CST 2018]; parent: Root WebApplicationContext
[INFO] [2018-12-24 15:02:45][org.springframework.beans.factory.xml.XmlBeanDefinitionReader]Loading XML bean definitions from class path resource [SpringMvc.xml]
[INFO] [2018-12-24 15:02:46][org.springframework.beans.factory.annotation.AutowiredAnnotationBeanPostProcessor]JSR-330 'javax.inject.Inject' annotation found and supported for autowiring
[INFO] [2018-12-24 15:02:46][org.springframework.web.servlet.mvc.method.annotation.RequestMappingHandlerMapping]Mapped "{[/list],methods=[],params=[],headers=[],consumes=[],produces=[],custom=[]}" onto public cashier.pojo.TbUser cashier.controller.demo.itemsList(javax.servlet.http.HttpServletRequest,java.lang.Long) throws java.lang.Exception
[INFO] [2018-12-24 15:02:46][org.springframework.web.servlet.DispatcherServlet]FrameworkServlet 'springMvc': initialization completed in 387 ms
[INFO] [2018-12-24 15:03:24][com.alibaba.druid.pool.DruidDataSource]{dataSource-1} inited
